<?xml version="1.0" encoding="UTF-8"?>
<!-- Generated by org.testng.reporters.JUnitReportReporter -->
<testsuite hostname="Rakesh" failures="0" tests="1" name="testcases.TC_04_Recordperpage" time="14.103" errors="0" timestamp="2025-01-07T10:36:03 IST" skipped="0">
  <testcase classname="testcases.TC_04_Recordperpage" name="records" time="14.103"/>
</testsuite> <!-- testcases.TC_04_Recordperpage -->
