<?xml version="1.0" encoding="UTF-8"?>
<!-- Generated by org.testng.reporters.JUnitReportReporter -->
<testsuite hostname="Rakesh" failures="0" tests="11" name="testcases.TC_03_Search" time="14.647" errors="0" timestamp="2025-01-06T21:39:06 IST" skipped="0">
  <testcase classname="testcases.TC_03_Search" name="loginandmoneytransfer" time="9.243"/>
  <testcase classname="testcases.TC_03_Search" name="search" time="0.878"/>
  <testcase classname="testcases.TC_03_Search" name="search" time="0.463"/>
  <testcase classname="testcases.TC_03_Search" name="search" time="0.435"/>
  <testcase classname="testcases.TC_03_Search" name="search" time="0.866"/>
  <testcase classname="testcases.TC_03_Search" name="search" time="0.459"/>
  <testcase classname="testcases.TC_03_Search" name="search" time="0.493"/>
  <testcase classname="testcases.TC_03_Search" name="search" time="0.412"/>
  <testcase classname="testcases.TC_03_Search" name="search" time="0.505"/>
  <testcase classname="testcases.TC_03_Search" name="search" time="0.398"/>
  <testcase classname="testcases.TC_03_Search" name="search" time="0.495"/>
</testsuite> <!-- testcases.TC_03_Search -->
