<?xml version="1.0" encoding="UTF-8"?>
<!-- Generated by org.testng.reporters.JUnitReportReporter -->
<testsuite hostname="Rakesh" failures="0" tests="5" name="testcases.TC_02_MoneyTransferPage" time="23.674" errors="0" timestamp="2025-01-06T21:39:06 IST" skipped="0">
  <testcase classname="testcases.TC_02_MoneyTransferPage" name="Transfermoney" time="8.872"/>
  <testcase classname="testcases.TC_02_MoneyTransferPage" name="sendingamount" time="2.419"/>
  <testcase classname="testcases.TC_02_MoneyTransferPage" name="sendingamount" time="3.780"/>
  <testcase classname="testcases.TC_02_MoneyTransferPage" name="sendingamount" time="5.034"/>
  <testcase classname="testcases.TC_02_MoneyTransferPage" name="sendingamount" time="3.569"/>
</testsuite> <!-- testcases.TC_02_MoneyTransferPage -->
