<?xml version="1.0" encoding="UTF-8"?>
<!-- Generated by org.testng.reporters.JUnitReportReporter -->
<testsuite hostname="Rakesh" failures="0" tests="1" name="testcases.TC_01_Login" time="3.412" errors="0" timestamp="2025-01-06T21:39:06 IST" skipped="0">
  <testcase classname="testcases.TC_01_Login" name="login" time="3.412"/>
</testsuite> <!-- testcases.TC_01_Login -->
